[5104:10904:0602/085232.744:INFO:components\enterprise\browser\controller\chrome_browser_cloud_management_controller.cc:202] No machine level policy manager exists.
[5104:2320:0602/085232.812:ERROR:components\os_crypt\sync\os_crypt_win.cc:105] Failed to decrypt: The data is invalid. (0xD)
[5104:2320:0602/085232.844:ERROR:components\signin\public\webdata\token_service_table.cc:189] Failed to decrypt token for service AccountId-116934471316369886763
[5104:2320:0602/085232.844:ERROR:components\os_crypt\sync\os_crypt_win.cc:105] Failed to decrypt: The data is invalid. (0xD)
[5104:2320:0602/085232.847:ERROR:components\signin\public\webdata\token_service_table.cc:189] Failed to decrypt token for service AccountId-112193931973281667542
[5104:11024:0602/085232.802:ERROR:components\os_crypt\sync\os_crypt_win.cc:105] Failed to decrypt: The parameter is incorrect. (0x57)
[5104:2320:0602/085232.881:ERROR:components\os_crypt\sync\os_crypt_win.cc:105] Failed to decrypt: The parameter is incorrect. (0x57)
[5104:11024:0602/085232.883:ERROR:components\os_crypt\sync\os_crypt_win.cc:105] Failed to decrypt: The parameter is incorrect. (0x57)
[5104:11024:0602/085233.049:ERROR:components\os_crypt\sync\os_crypt_win.cc:105] Failed to decrypt: The parameter is incorrect. (0x57)
[5104:11024:0602/085233.051:ERROR:components\os_crypt\sync\os_crypt_win.cc:105] Failed to decrypt: The parameter is incorrect. (0x57)
[5104:11024:0602/085233.051:ERROR:components\os_crypt\sync\os_crypt_win.cc:105] Failed to decrypt: The parameter is incorrect. (0x57)
[8344:3540:0602/085233.065:ERROR:ui\gl\direct_composition_support.cc:615] AMD VideoProcessorGetOutputExtension failed: The parameter is incorrect. (0x80070057)
[5104:11024:0602/085233.090:ERROR:components\os_crypt\sync\os_crypt_win.cc:105] Failed to decrypt: The parameter is incorrect. (0x57)
[5104:11024:0602/085233.090:ERROR:components\os_crypt\sync\os_crypt_win.cc:105] Failed to decrypt: The parameter is incorrect. (0x57)
[5104:11024:0602/085233.198:ERROR:components\os_crypt\sync\os_crypt_win.cc:105] Failed to decrypt: The parameter is incorrect. (0x57)
[5104:11024:0602/085233.198:ERROR:components\os_crypt\sync\os_crypt_win.cc:105] Failed to decrypt: The parameter is incorrect. (0x57)
[5104:11024:0602/085233.198:ERROR:components\os_crypt\sync\os_crypt_win.cc:105] Failed to decrypt: The parameter is incorrect. (0x57)
[5104:11024:0602/085233.198:ERROR:components\os_crypt\sync\os_crypt_win.cc:105] Failed to decrypt: The parameter is incorrect. (0x57)
[5104:11024:0602/085233.198:ERROR:components\os_crypt\sync\os_crypt_win.cc:105] Failed to decrypt: The parameter is incorrect. (0x57)
[5104:11024:0602/085233.215:ERROR:components\os_crypt\sync\os_crypt_win.cc:105] Failed to decrypt: The parameter is incorrect. (0x57)
[5104:11024:0602/085233.215:ERROR:components\os_crypt\sync\os_crypt_win.cc:105] Failed to decrypt: The parameter is incorrect. (0x57)
[5104:11024:0602/085233.215:ERROR:components\os_crypt\sync\os_crypt_win.cc:105] Failed to decrypt: The parameter is incorrect. (0x57)
[5104:11024:0602/085233.217:ERROR:components\os_crypt\sync\os_crypt_win.cc:105] Failed to decrypt: The parameter is incorrect. (0x57)
[5104:11024:0602/085233.217:ERROR:components\os_crypt\sync\os_crypt_win.cc:105] Failed to decrypt: The parameter is incorrect. (0x57)
[5104:11024:0602/085233.217:ERROR:components\os_crypt\sync\os_crypt_win.cc:105] Failed to decrypt: The parameter is incorrect. (0x57)
[5104:11024:0602/085233.217:ERROR:components\os_crypt\sync\os_crypt_win.cc:105] Failed to decrypt: The parameter is incorrect. (0x57)
[5104:11024:0602/085233.217:ERROR:components\os_crypt\sync\os_crypt_win.cc:105] Failed to decrypt: The parameter is incorrect. (0x57)
[5104:11024:0602/085233.217:ERROR:components\os_crypt\sync\os_crypt_win.cc:105] Failed to decrypt: The parameter is incorrect. (0x57)
[5104:11024:0602/085233.217:ERROR:components\os_crypt\sync\os_crypt_win.cc:105] Failed to decrypt: The parameter is incorrect. (0x57)
[5104:11024:0602/085233.217:ERROR:components\os_crypt\sync\os_crypt_win.cc:105] Failed to decrypt: The parameter is incorrect. (0x57)
[5104:11024:0602/085233.219:ERROR:components\os_crypt\sync\os_crypt_win.cc:105] Failed to decrypt: The parameter is incorrect. (0x57)
[5104:11024:0602/085233.241:ERROR:components\os_crypt\sync\os_crypt_win.cc:105] Failed to decrypt: The parameter is incorrect. (0x57)
[5104:11024:0602/085233.241:ERROR:components\os_crypt\sync\os_crypt_win.cc:105] Failed to decrypt: The data is invalid. (0xD)
[5104:11024:0602/085233.241:ERROR:components\os_crypt\sync\os_crypt_win.cc:105] Failed to decrypt: The parameter is incorrect. (0x57)
[5104:11024:0602/085233.253:ERROR:components\os_crypt\sync\os_crypt_win.cc:105] Failed to decrypt: The parameter is incorrect. (0x57)
[5104:11024:0602/085233.253:ERROR:components\os_crypt\sync\os_crypt_win.cc:105] Failed to decrypt: The parameter is incorrect. (0x57)
[5104:11024:0602/085233.254:ERROR:components\os_crypt\sync\os_crypt_win.cc:105] Failed to decrypt: The parameter is incorrect. (0x57)
[5104:11024:0602/085233.254:ERROR:components\os_crypt\sync\os_crypt_win.cc:105] Failed to decrypt: The parameter is incorrect. (0x57)
[5104:11024:0602/085233.262:ERROR:components\os_crypt\sync\os_crypt_win.cc:105] Failed to decrypt: The parameter is incorrect. (0x57)
[5104:11024:0602/085233.262:ERROR:components\os_crypt\sync\os_crypt_win.cc:105] Failed to decrypt: The parameter is incorrect. (0x57)
[5104:11024:0602/085233.263:ERROR:components\os_crypt\sync\os_crypt_win.cc:105] Failed to decrypt: The parameter is incorrect. (0x57)
[5104:11024:0602/085233.263:ERROR:components\os_crypt\sync\os_crypt_win.cc:105] Failed to decrypt: The parameter is incorrect. (0x57)
[5104:11024:0602/085233.263:ERROR:components\os_crypt\sync\os_crypt_win.cc:105] Failed to decrypt: The parameter is incorrect. (0x57)
[5104:11024:0602/085233.264:ERROR:components\os_crypt\sync\os_crypt_win.cc:105] Failed to decrypt: The parameter is incorrect. (0x57)
[5104:11024:0602/085233.264:ERROR:components\os_crypt\sync\os_crypt_win.cc:105] Failed to decrypt: The parameter is incorrect. (0x57)
[5104:11024:0602/085233.265:ERROR:components\os_crypt\sync\os_crypt_win.cc:105] Failed to decrypt: The parameter is incorrect. (0x57)
[5104:11024:0602/085233.265:ERROR:components\os_crypt\sync\os_crypt_win.cc:105] Failed to decrypt: The parameter is incorrect. (0x57)
[5104:11024:0602/085233.265:ERROR:components\os_crypt\sync\os_crypt_win.cc:105] Failed to decrypt: The parameter is incorrect. (0x57)
[5104:11024:0602/085233.268:ERROR:components\os_crypt\sync\os_crypt_win.cc:105] Failed to decrypt: The parameter is incorrect. (0x57)
[5104:11024:0602/085233.273:ERROR:components\os_crypt\sync\os_crypt_win.cc:105] Failed to decrypt: The parameter is incorrect. (0x57)
[5104:11024:0602/085233.274:ERROR:components\os_crypt\sync\os_crypt_win.cc:105] Failed to decrypt: The parameter is incorrect. (0x57)
[5104:11024:0602/085233.278:ERROR:components\os_crypt\sync\os_crypt_win.cc:105] Failed to decrypt: The parameter is incorrect. (0x57)
[5104:11024:0602/085233.279:ERROR:components\os_crypt\sync\os_crypt_win.cc:105] Failed to decrypt: The parameter is incorrect. (0x57)
[5104:11024:0602/085233.279:ERROR:components\os_crypt\sync\os_crypt_win.cc:105] Failed to decrypt: The parameter is incorrect. (0x57)
[5104:11024:0602/085233.279:ERROR:components\os_crypt\sync\os_crypt_win.cc:105] Failed to decrypt: The parameter is incorrect. (0x57)
[5104:11024:0602/085233.279:ERROR:components\os_crypt\sync\os_crypt_win.cc:105] Failed to decrypt: The parameter is incorrect. (0x57)
[5104:11024:0602/085233.281:ERROR:components\os_crypt\sync\os_crypt_win.cc:105] Failed to decrypt: The parameter is incorrect. (0x57)
[5104:11024:0602/085233.281:ERROR:components\os_crypt\sync\os_crypt_win.cc:105] Failed to decrypt: The parameter is incorrect. (0x57)
[5104:11024:0602/085233.281:ERROR:components\os_crypt\sync\os_crypt_win.cc:105] Failed to decrypt: The parameter is incorrect. (0x57)
[5104:11024:0602/085233.282:ERROR:components\os_crypt\sync\os_crypt_win.cc:105] Failed to decrypt: The parameter is incorrect. (0x57)
[5104:11024:0602/085233.282:ERROR:components\os_crypt\sync\os_crypt_win.cc:105] Failed to decrypt: The parameter is incorrect. (0x57)
[5104:11024:0602/085233.282:ERROR:components\os_crypt\sync\os_crypt_win.cc:105] Failed to decrypt: The parameter is incorrect. (0x57)
[5104:11024:0602/085233.282:ERROR:components\os_crypt\sync\os_crypt_win.cc:105] Failed to decrypt: The parameter is incorrect. (0x57)
[5104:11024:0602/085233.283:ERROR:components\os_crypt\sync\os_crypt_win.cc:105] Failed to decrypt: The parameter is incorrect. (0x57)
[5104:11024:0602/085233.283:ERROR:components\os_crypt\sync\os_crypt_win.cc:105] Failed to decrypt: The parameter is incorrect. (0x57)
[5104:11024:0602/085233.284:ERROR:components\os_crypt\sync\os_crypt_win.cc:105] Failed to decrypt: The parameter is incorrect. (0x57)
[5104:11024:0602/085233.284:ERROR:components\os_crypt\sync\os_crypt_win.cc:105] Failed to decrypt: The parameter is incorrect. (0x57)
[5104:11024:0602/085233.284:ERROR:components\os_crypt\sync\os_crypt_win.cc:105] Failed to decrypt: The parameter is incorrect. (0x57)
[5104:11024:0602/085233.284:ERROR:components\os_crypt\sync\os_crypt_win.cc:105] Failed to decrypt: The parameter is incorrect. (0x57)
[5104:11024:0602/085233.285:ERROR:components\os_crypt\sync\os_crypt_win.cc:105] Failed to decrypt: The parameter is incorrect. (0x57)
[5104:11024:0602/085233.285:ERROR:components\os_crypt\sync\os_crypt_win.cc:105] Failed to decrypt: The parameter is incorrect. (0x57)
[5104:11024:0602/085233.285:ERROR:components\os_crypt\sync\os_crypt_win.cc:105] Failed to decrypt: The parameter is incorrect. (0x57)
[5104:11024:0602/085233.285:ERROR:components\os_crypt\sync\os_crypt_win.cc:105] Failed to decrypt: The parameter is incorrect. (0x57)
[5104:11024:0602/085233.285:ERROR:components\os_crypt\sync\os_crypt_win.cc:105] Failed to decrypt: The parameter is incorrect. (0x57)
[5104:11024:0602/085233.285:ERROR:components\os_crypt\sync\os_crypt_win.cc:105] Failed to decrypt: The parameter is incorrect. (0x57)
[5104:11024:0602/085233.286:ERROR:components\os_crypt\sync\os_crypt_win.cc:105] Failed to decrypt: The parameter is incorrect. (0x57)
[5104:11024:0602/085233.286:ERROR:components\os_crypt\sync\os_crypt_win.cc:105] Failed to decrypt: The parameter is incorrect. (0x57)
[5104:11024:0602/085233.286:ERROR:components\os_crypt\sync\os_crypt_win.cc:105] Failed to decrypt: The parameter is incorrect. (0x57)
[5104:11024:0602/085233.286:ERROR:components\os_crypt\sync\os_crypt_win.cc:105] Failed to decrypt: The parameter is incorrect. (0x57)
[5104:11024:0602/085233.286:ERROR:components\os_crypt\sync\os_crypt_win.cc:105] Failed to decrypt: The parameter is incorrect. (0x57)
[5104:11024:0602/085233.286:ERROR:components\os_crypt\sync\os_crypt_win.cc:105] Failed to decrypt: The parameter is incorrect. (0x57)
[5104:11024:0602/085233.287:ERROR:components\os_crypt\sync\os_crypt_win.cc:105] Failed to decrypt: The parameter is incorrect. (0x57)
[5104:11024:0602/085233.289:ERROR:components\os_crypt\sync\os_crypt_win.cc:105] Failed to decrypt: The parameter is incorrect. (0x57)
[5104:11024:0602/085233.289:ERROR:components\os_crypt\sync\os_crypt_win.cc:105] Failed to decrypt: The parameter is incorrect. (0x57)
[5104:11024:0602/085233.289:ERROR:components\os_crypt\sync\os_crypt_win.cc:105] Failed to decrypt: The parameter is incorrect. (0x57)
[5104:11024:0602/085233.290:ERROR:components\os_crypt\sync\os_crypt_win.cc:105] Failed to decrypt: The parameter is incorrect. (0x57)
[5104:11024:0602/085233.290:ERROR:components\os_crypt\sync\os_crypt_win.cc:105] Failed to decrypt: The parameter is incorrect. (0x57)
[5104:11024:0602/085233.290:ERROR:components\os_crypt\sync\os_crypt_win.cc:105] Failed to decrypt: The parameter is incorrect. (0x57)
[5104:11024:0602/085233.291:ERROR:components\os_crypt\sync\os_crypt_win.cc:105] Failed to decrypt: The parameter is incorrect. (0x57)
[5104:11024:0602/085233.291:ERROR:components\os_crypt\sync\os_crypt_win.cc:105] Failed to decrypt: The parameter is incorrect. (0x57)
[5104:11024:0602/085233.291:ERROR:components\os_crypt\sync\os_crypt_win.cc:105] Failed to decrypt: The parameter is incorrect. (0x57)
[5104:11024:0602/085233.294:ERROR:components\os_crypt\sync\os_crypt_win.cc:105] Failed to decrypt: The parameter is incorrect. (0x57)
[5104:11024:0602/085233.297:ERROR:components\os_crypt\sync\os_crypt_win.cc:105] Failed to decrypt: The parameter is incorrect. (0x57)
[5104:11024:0602/085233.299:ERROR:components\os_crypt\sync\os_crypt_win.cc:105] Failed to decrypt: The parameter is incorrect. (0x57)
[5104:11024:0602/085233.305:ERROR:components\os_crypt\sync\os_crypt_win.cc:105] Failed to decrypt: The parameter is incorrect. (0x57)
[5104:11024:0602/085233.308:ERROR:components\os_crypt\sync\os_crypt_win.cc:105] Failed to decrypt: The parameter is incorrect. (0x57)
[5104:11024:0602/085233.321:ERROR:components\os_crypt\sync\os_crypt_win.cc:105] Failed to decrypt: The parameter is incorrect. (0x57)
[5104:11024:0602/085233.322:ERROR:components\os_crypt\sync\os_crypt_win.cc:105] Failed to decrypt: The parameter is incorrect. (0x57)
[5104:11024:0602/085233.322:ERROR:components\os_crypt\sync\os_crypt_win.cc:105] Failed to decrypt: The parameter is incorrect. (0x57)
[5104:11024:0602/085233.323:ERROR:components\os_crypt\sync\os_crypt_win.cc:105] Failed to decrypt: The parameter is incorrect. (0x57)
[5104:11024:0602/085233.323:ERROR:components\os_crypt\sync\os_crypt_win.cc:105] Failed to decrypt: The parameter is incorrect. (0x57)
[5104:11024:0602/085233.323:ERROR:components\os_crypt\sync\os_crypt_win.cc:105] Failed to decrypt: The parameter is incorrect. (0x57)
[5104:11024:0602/085233.324:ERROR:components\os_crypt\sync\os_crypt_win.cc:105] Failed to decrypt: The parameter is incorrect. (0x57)
[5104:11024:0602/085233.332:ERROR:components\os_crypt\sync\os_crypt_win.cc:105] Failed to decrypt: The parameter is incorrect. (0x57)
[5104:11024:0602/085233.332:ERROR:components\os_crypt\sync\os_crypt_win.cc:105] Failed to decrypt: The parameter is incorrect. (0x57)
[5104:11024:0602/085233.334:ERROR:components\os_crypt\sync\os_crypt_win.cc:105] Failed to decrypt: The parameter is incorrect. (0x57)
[5104:2320:0602/085233.335:ERROR:components\os_crypt\sync\os_crypt_win.cc:105] Failed to decrypt: The parameter is incorrect. (0x57)
[5104:2320:0602/085233.335:ERROR:components\os_crypt\sync\os_crypt_win.cc:105] Failed to decrypt: The parameter is incorrect. (0x57)
[5104:2320:0602/085233.335:ERROR:components\os_crypt\sync\os_crypt_win.cc:105] Failed to decrypt: The parameter is incorrect. (0x57)
[5104:2320:0602/085233.335:ERROR:components\os_crypt\sync\os_crypt_win.cc:105] Failed to decrypt: The parameter is incorrect. (0x57)
[5104:2320:0602/085233.335:ERROR:components\os_crypt\sync\os_crypt_win.cc:105] Failed to decrypt: The parameter is incorrect. (0x57)
[5104:2320:0602/085233.335:ERROR:components\os_crypt\sync\os_crypt_win.cc:105] Failed to decrypt: The parameter is incorrect. (0x57)
[5104:2320:0602/085233.335:ERROR:components\os_crypt\sync\os_crypt_win.cc:105] Failed to decrypt: The parameter is incorrect. (0x57)
[5104:2320:0602/085233.335:ERROR:components\os_crypt\sync\os_crypt_win.cc:105] Failed to decrypt: The parameter is incorrect. (0x57)
[5104:2320:0602/085233.336:ERROR:components\os_crypt\sync\os_crypt_win.cc:105] Failed to decrypt: The parameter is incorrect. (0x57)
[5104:2320:0602/085233.336:ERROR:components\os_crypt\sync\os_crypt_win.cc:105] Failed to decrypt: The parameter is incorrect. (0x57)
[5104:2320:0602/085233.336:ERROR:components\os_crypt\sync\os_crypt_win.cc:105] Failed to decrypt: The parameter is incorrect. (0x57)
[5104:2320:0602/085233.336:ERROR:components\os_crypt\sync\os_crypt_win.cc:105] Failed to decrypt: The parameter is incorrect. (0x57)
[5104:2320:0602/085233.338:ERROR:components\os_crypt\sync\os_crypt_win.cc:105] Failed to decrypt: The parameter is incorrect. (0x57)
[5104:2320:0602/085233.338:ERROR:components\os_crypt\sync\os_crypt_win.cc:105] Failed to decrypt: The parameter is incorrect. (0x57)
[5104:2320:0602/085233.338:ERROR:components\os_crypt\sync\os_crypt_win.cc:105] Failed to decrypt: The parameter is incorrect. (0x57)
[5104:2320:0602/085233.339:ERROR:components\os_crypt\sync\os_crypt_win.cc:105] Failed to decrypt: The parameter is incorrect. (0x57)
[5104:2320:0602/085233.340:ERROR:components\os_crypt\sync\os_crypt_win.cc:105] Failed to decrypt: The parameter is incorrect. (0x57)
[5104:2320:0602/085233.341:ERROR:components\os_crypt\sync\os_crypt_win.cc:105] Failed to decrypt: The parameter is incorrect. (0x57)
[5104:2320:0602/085233.350:ERROR:components\os_crypt\sync\os_crypt_win.cc:105] Failed to decrypt: The parameter is incorrect. (0x57)
[5104:2320:0602/085233.351:ERROR:components\os_crypt\sync\os_crypt_win.cc:105] Failed to decrypt: The parameter is incorrect. (0x57)
[5104:2320:0602/085233.352:ERROR:components\os_crypt\sync\os_crypt_win.cc:105] Failed to decrypt: The parameter is incorrect. (0x57)
[5104:2320:0602/085233.352:ERROR:components\os_crypt\sync\os_crypt_win.cc:105] Failed to decrypt: The parameter is incorrect. (0x57)
[5104:2320:0602/085233.353:ERROR:components\os_crypt\sync\os_crypt_win.cc:105] Failed to decrypt: The parameter is incorrect. (0x57)
[5104:2320:0602/085233.427:ERROR:components\os_crypt\sync\os_crypt_win.cc:105] Failed to decrypt: The parameter is incorrect. (0x57)
[5104:2320:0602/085233.427:ERROR:components\os_crypt\sync\os_crypt_win.cc:105] Failed to decrypt: The parameter is incorrect. (0x57)
[5104:2320:0602/085233.428:ERROR:components\os_crypt\sync\os_crypt_win.cc:105] Failed to decrypt: The data is invalid. (0xD)
[5104:2320:0602/085233.463:ERROR:components\os_crypt\sync\os_crypt_win.cc:105] Failed to decrypt: The parameter is incorrect. (0x57)
[5104:2320:0602/085233.464:ERROR:components\os_crypt\sync\os_crypt_win.cc:105] Failed to decrypt: The parameter is incorrect. (0x57)
[5104:2320:0602/085233.464:ERROR:components\os_crypt\sync\os_crypt_win.cc:105] Failed to decrypt: The parameter is incorrect. (0x57)
[5104:2320:0602/085233.464:ERROR:components\os_crypt\sync\os_crypt_win.cc:105] Failed to decrypt: The parameter is incorrect. (0x57)
[5104:2320:0602/085233.465:ERROR:components\os_crypt\sync\os_crypt_win.cc:105] Failed to decrypt: The parameter is incorrect. (0x57)
[5104:2320:0602/085233.465:ERROR:components\os_crypt\sync\os_crypt_win.cc:105] Failed to decrypt: The parameter is incorrect. (0x57)
[5104:2320:0602/085233.465:ERROR:components\os_crypt\sync\os_crypt_win.cc:105] Failed to decrypt: The parameter is incorrect. (0x57)
[5104:2320:0602/085233.465:ERROR:components\os_crypt\sync\os_crypt_win.cc:105] Failed to decrypt: The parameter is incorrect. (0x57)
[5104:2320:0602/085233.466:ERROR:components\os_crypt\sync\os_crypt_win.cc:105] Failed to decrypt: The parameter is incorrect. (0x57)
[5104:2320:0602/085233.466:ERROR:components\os_crypt\sync\os_crypt_win.cc:105] Failed to decrypt: The parameter is incorrect. (0x57)
[5104:2320:0602/085233.488:ERROR:components\os_crypt\sync\os_crypt_win.cc:105] Failed to decrypt: The parameter is incorrect. (0x57)
[5104:2320:0602/085233.489:ERROR:components\os_crypt\sync\os_crypt_win.cc:105] Failed to decrypt: The parameter is incorrect. (0x57)
[5104:2320:0602/085233.489:ERROR:components\os_crypt\sync\os_crypt_win.cc:105] Failed to decrypt: The parameter is incorrect. (0x57)
[5104:2320:0602/085233.498:ERROR:components\os_crypt\sync\os_crypt_win.cc:105] Failed to decrypt: The parameter is incorrect. (0x57)
[5104:2320:0602/085233.498:ERROR:components\os_crypt\sync\os_crypt_win.cc:105] Failed to decrypt: The parameter is incorrect. (0x57)
[5104:2320:0602/085233.528:ERROR:components\os_crypt\sync\os_crypt_win.cc:105] Failed to decrypt: The parameter is incorrect. (0x57)
[5104:2320:0602/085233.528:ERROR:components\os_crypt\sync\os_crypt_win.cc:105] Failed to decrypt: The parameter is incorrect. (0x57)
[5104:2320:0602/085233.538:ERROR:components\os_crypt\sync\os_crypt_win.cc:105] Failed to decrypt: The parameter is incorrect. (0x57)
[5104:2320:0602/085233.547:ERROR:components\os_crypt\sync\os_crypt_win.cc:105] Failed to decrypt: The parameter is incorrect. (0x57)
[5104:2320:0602/085233.549:ERROR:components\os_crypt\sync\os_crypt_win.cc:105] Failed to decrypt: The parameter is incorrect. (0x57)
[5104:2320:0602/085233.551:ERROR:components\os_crypt\sync\os_crypt_win.cc:105] Failed to decrypt: The parameter is incorrect. (0x57)
[5104:2320:0602/085233.551:ERROR:components\os_crypt\sync\os_crypt_win.cc:105] Failed to decrypt: The parameter is incorrect. (0x57)
[5104:2320:0602/085233.552:ERROR:components\os_crypt\sync\os_crypt_win.cc:105] Failed to decrypt: The parameter is incorrect. (0x57)
[5104:2320:0602/085233.552:ERROR:components\os_crypt\sync\os_crypt_win.cc:105] Failed to decrypt: The parameter is incorrect. (0x57)
[5104:2320:0602/085233.553:ERROR:components\os_crypt\sync\os_crypt_win.cc:105] Failed to decrypt: The parameter is incorrect. (0x57)
[5104:2320:0602/085233.553:ERROR:components\os_crypt\sync\os_crypt_win.cc:105] Failed to decrypt: The parameter is incorrect. (0x57)
[5104:2320:0602/085233.553:ERROR:components\os_crypt\sync\os_crypt_win.cc:105] Failed to decrypt: The parameter is incorrect. (0x57)
[5104:2320:0602/085233.553:ERROR:components\os_crypt\sync\os_crypt_win.cc:105] Failed to decrypt: The parameter is incorrect. (0x57)
[5104:2320:0602/085233.555:ERROR:components\os_crypt\sync\os_crypt_win.cc:105] Failed to decrypt: The parameter is incorrect. (0x57)
[5104:2320:0602/085233.555:ERROR:components\os_crypt\sync\os_crypt_win.cc:105] Failed to decrypt: The parameter is incorrect. (0x57)
[5104:2320:0602/085233.555:ERROR:components\os_crypt\sync\os_crypt_win.cc:105] Failed to decrypt: The parameter is incorrect. (0x57)
[5104:2320:0602/085233.555:ERROR:components\os_crypt\sync\os_crypt_win.cc:105] Failed to decrypt: The parameter is incorrect. (0x57)
[5104:2320:0602/085233.555:ERROR:components\os_crypt\sync\os_crypt_win.cc:105] Failed to decrypt: The parameter is incorrect. (0x57)
[5104:2320:0602/085233.555:ERROR:components\os_crypt\sync\os_crypt_win.cc:105] Failed to decrypt: The parameter is incorrect. (0x57)
[5104:2320:0602/085233.555:ERROR:components\os_crypt\sync\os_crypt_win.cc:105] Failed to decrypt: The parameter is incorrect. (0x57)
[5104:2320:0602/085233.556:ERROR:components\os_crypt\sync\os_crypt_win.cc:105] Failed to decrypt: The parameter is incorrect. (0x57)
[5104:2320:0602/085233.563:ERROR:components\os_crypt\sync\os_crypt_win.cc:105] Failed to decrypt: The parameter is incorrect. (0x57)
[5104:2320:0602/085233.566:ERROR:components\os_crypt\sync\os_crypt_win.cc:105] Failed to decrypt: The parameter is incorrect. (0x57)
[5104:2320:0602/085233.567:ERROR:components\os_crypt\sync\os_crypt_win.cc:105] Failed to decrypt: The parameter is incorrect. (0x57)
[5104:2320:0602/085233.567:ERROR:components\os_crypt\sync\os_crypt_win.cc:105] Failed to decrypt: The parameter is incorrect. (0x57)
[5104:2320:0602/085233.567:ERROR:components\os_crypt\sync\os_crypt_win.cc:105] Failed to decrypt: The parameter is incorrect. (0x57)
[5104:2320:0602/085233.567:ERROR:components\os_crypt\sync\os_crypt_win.cc:105] Failed to decrypt: The parameter is incorrect. (0x57)
[5104:2320:0602/085233.568:ERROR:components\os_crypt\sync\os_crypt_win.cc:105] Failed to decrypt: The parameter is incorrect. (0x57)
[5104:2320:0602/085233.568:ERROR:components\os_crypt\sync\os_crypt_win.cc:105] Failed to decrypt: The parameter is incorrect. (0x57)
[5104:2320:0602/085233.568:ERROR:components\os_crypt\sync\os_crypt_win.cc:105] Failed to decrypt: The parameter is incorrect. (0x57)
[5104:2320:0602/085233.569:ERROR:components\os_crypt\sync\os_crypt_win.cc:105] Failed to decrypt: The parameter is incorrect. (0x57)
[5104:2320:0602/085233.569:ERROR:components\os_crypt\sync\os_crypt_win.cc:105] Failed to decrypt: The parameter is incorrect. (0x57)
[5104:2320:0602/085233.569:ERROR:components\os_crypt\sync\os_crypt_win.cc:105] Failed to decrypt: The parameter is incorrect. (0x57)
[5104:2320:0602/085233.569:ERROR:components\os_crypt\sync\os_crypt_win.cc:105] Failed to decrypt: The parameter is incorrect. (0x57)
[5104:2320:0602/085233.569:ERROR:components\os_crypt\sync\os_crypt_win.cc:105] Failed to decrypt: The parameter is incorrect. (0x57)
[5104:2320:0602/085233.570:ERROR:components\os_crypt\sync\os_crypt_win.cc:105] Failed to decrypt: The parameter is incorrect. (0x57)
[5104:2320:0602/085233.570:ERROR:components\os_crypt\sync\os_crypt_win.cc:105] Failed to decrypt: The parameter is incorrect. (0x57)
[5104:2320:0602/085233.588:ERROR:components\os_crypt\sync\os_crypt_win.cc:105] Failed to decrypt: The parameter is incorrect. (0x57)
[5104:2320:0602/085233.589:ERROR:components\os_crypt\sync\os_crypt_win.cc:105] Failed to decrypt: The parameter is incorrect. (0x57)
[5104:2320:0602/085233.597:ERROR:components\os_crypt\sync\os_crypt_win.cc:105] Failed to decrypt: The parameter is incorrect. (0x57)
[5104:2320:0602/085233.598:ERROR:components\os_crypt\sync\os_crypt_win.cc:105] Failed to decrypt: The parameter is incorrect. (0x57)
[5104:2320:0602/085233.601:ERROR:components\os_crypt\sync\os_crypt_win.cc:105] Failed to decrypt: The parameter is incorrect. (0x57)
[5104:2320:0602/085233.601:ERROR:components\os_crypt\sync\os_crypt_win.cc:105] Failed to decrypt: The parameter is incorrect. (0x57)
[5104:2320:0602/085233.602:ERROR:components\os_crypt\sync\os_crypt_win.cc:105] Failed to decrypt: The parameter is incorrect. (0x57)
[5104:2320:0602/085233.608:ERROR:components\os_crypt\sync\os_crypt_win.cc:105] Failed to decrypt: The parameter is incorrect. (0x57)
[5104:2320:0602/085233.608:ERROR:components\os_crypt\sync\os_crypt_win.cc:105] Failed to decrypt: The parameter is incorrect. (0x57)
[5104:2320:0602/085233.608:ERROR:components\os_crypt\sync\os_crypt_win.cc:105] Failed to decrypt: The parameter is incorrect. (0x57)
[5104:2320:0602/085233.616:ERROR:components\os_crypt\sync\os_crypt_win.cc:105] Failed to decrypt: The parameter is incorrect. (0x57)
[5104:2320:0602/085233.616:ERROR:components\os_crypt\sync\os_crypt_win.cc:105] Failed to decrypt: The parameter is incorrect. (0x57)
[5104:2320:0602/085233.620:ERROR:components\os_crypt\sync\os_crypt_win.cc:105] Failed to decrypt: The parameter is incorrect. (0x57)
[5104:2320:0602/085233.621:ERROR:components\os_crypt\sync\os_crypt_win.cc:105] Failed to decrypt: The parameter is incorrect. (0x57)
[5104:2320:0602/085233.622:ERROR:components\os_crypt\sync\os_crypt_win.cc:105] Failed to decrypt: The parameter is incorrect. (0x57)
[5104:2320:0602/085233.622:ERROR:components\os_crypt\sync\os_crypt_win.cc:105] Failed to decrypt: The parameter is incorrect. (0x57)
[5104:2320:0602/085233.622:ERROR:components\os_crypt\sync\os_crypt_win.cc:105] Failed to decrypt: The parameter is incorrect. (0x57)
[5104:2320:0602/085233.622:ERROR:components\os_crypt\sync\os_crypt_win.cc:105] Failed to decrypt: The parameter is incorrect. (0x57)
[5104:2320:0602/085233.629:ERROR:components\os_crypt\sync\os_crypt_win.cc:105] Failed to decrypt: The parameter is incorrect. (0x57)
[5104:2320:0602/085233.631:ERROR:components\os_crypt\sync\os_crypt_win.cc:105] Failed to decrypt: The parameter is incorrect. (0x57)
[5104:2320:0602/085233.633:ERROR:components\os_crypt\sync\os_crypt_win.cc:105] Failed to decrypt: The parameter is incorrect. (0x57)
[5104:2320:0602/085233.634:ERROR:components\os_crypt\sync\os_crypt_win.cc:105] Failed to decrypt: The parameter is incorrect. (0x57)
[5104:2320:0602/085233.634:ERROR:components\os_crypt\sync\os_crypt_win.cc:105] Failed to decrypt: The parameter is incorrect. (0x57)
[5104:2320:0602/085233.635:ERROR:components\os_crypt\sync\os_crypt_win.cc:105] Failed to decrypt: The parameter is incorrect. (0x57)
[5104:2320:0602/085233.635:ERROR:components\os_crypt\sync\os_crypt_win.cc:105] Failed to decrypt: The parameter is incorrect. (0x57)
[5104:2320:0602/085233.637:ERROR:components\os_crypt\sync\os_crypt_win.cc:105] Failed to decrypt: The parameter is incorrect. (0x57)
[5104:2320:0602/085233.637:ERROR:components\os_crypt\sync\os_crypt_win.cc:105] Failed to decrypt: The parameter is incorrect. (0x57)
[5104:2320:0602/085233.638:ERROR:components\os_crypt\sync\os_crypt_win.cc:105] Failed to decrypt: The parameter is incorrect. (0x57)
[5104:2320:0602/085233.639:ERROR:components\os_crypt\sync\os_crypt_win.cc:105] Failed to decrypt: The parameter is incorrect. (0x57)
[5104:2320:0602/085233.640:ERROR:components\os_crypt\sync\os_crypt_win.cc:105] Failed to decrypt: The parameter is incorrect. (0x57)
[5104:2320:0602/085233.646:ERROR:components\os_crypt\sync\os_crypt_win.cc:105] Failed to decrypt: The parameter is incorrect. (0x57)
[5104:2320:0602/085233.647:ERROR:components\os_crypt\sync\os_crypt_win.cc:105] Failed to decrypt: The parameter is incorrect. (0x57)
[5104:2320:0602/085233.647:ERROR:components\os_crypt\sync\os_crypt_win.cc:105] Failed to decrypt: The parameter is incorrect. (0x57)
[5104:2320:0602/085233.649:ERROR:components\os_crypt\sync\os_crypt_win.cc:105] Failed to decrypt: The parameter is incorrect. (0x57)
[5104:2320:0602/085233.649:ERROR:components\os_crypt\sync\os_crypt_win.cc:105] Failed to decrypt: The parameter is incorrect. (0x57)
[5104:2320:0602/085233.649:ERROR:components\os_crypt\sync\os_crypt_win.cc:105] Failed to decrypt: The parameter is incorrect. (0x57)
[5104:2320:0602/085233.650:ERROR:components\os_crypt\sync\os_crypt_win.cc:105] Failed to decrypt: The parameter is incorrect. (0x57)
[5104:2320:0602/085233.650:ERROR:components\os_crypt\sync\os_crypt_win.cc:105] Failed to decrypt: The parameter is incorrect. (0x57)
[5104:2320:0602/085233.650:ERROR:components\os_crypt\sync\os_crypt_win.cc:105] Failed to decrypt: The parameter is incorrect. (0x57)
[5104:2320:0602/085233.650:ERROR:components\os_crypt\sync\os_crypt_win.cc:105] Failed to decrypt: The parameter is incorrect. (0x57)
[5104:2320:0602/085233.651:ERROR:components\os_crypt\sync\os_crypt_win.cc:105] Failed to decrypt: The parameter is incorrect. (0x57)
[5104:2320:0602/085233.652:ERROR:components\os_crypt\sync\os_crypt_win.cc:105] Failed to decrypt: The parameter is incorrect. (0x57)
[5104:2320:0602/085233.652:ERROR:components\os_crypt\sync\os_crypt_win.cc:105] Failed to decrypt: The parameter is incorrect. (0x57)
[5104:2320:0602/085233.654:ERROR:components\os_crypt\sync\os_crypt_win.cc:105] Failed to decrypt: The parameter is incorrect. (0x57)
[5104:2320:0602/085233.655:ERROR:components\os_crypt\sync\os_crypt_win.cc:105] Failed to decrypt: The parameter is incorrect. (0x57)
[5104:2320:0602/085233.655:ERROR:components\os_crypt\sync\os_crypt_win.cc:105] Failed to decrypt: The parameter is incorrect. (0x57)
[5104:2320:0602/085233.655:ERROR:components\os_crypt\sync\os_crypt_win.cc:105] Failed to decrypt: The parameter is incorrect. (0x57)
[5104:2320:0602/085233.655:ERROR:components\os_crypt\sync\os_crypt_win.cc:105] Failed to decrypt: The parameter is incorrect. (0x57)
[5104:2320:0602/085233.656:ERROR:components\os_crypt\sync\os_crypt_win.cc:105] Failed to decrypt: The parameter is incorrect. (0x57)
[5104:2320:0602/085233.656:ERROR:components\os_crypt\sync\os_crypt_win.cc:105] Failed to decrypt: The parameter is incorrect. (0x57)
[5104:2320:0602/085233.657:ERROR:components\os_crypt\sync\os_crypt_win.cc:105] Failed to decrypt: The parameter is incorrect. (0x57)
[5104:2320:0602/085233.657:ERROR:components\os_crypt\sync\os_crypt_win.cc:105] Failed to decrypt: The parameter is incorrect. (0x57)
[5104:2320:0602/085233.658:ERROR:components\os_crypt\sync\os_crypt_win.cc:105] Failed to decrypt: The parameter is incorrect. (0x57)
[5104:2320:0602/085233.663:ERROR:components\os_crypt\sync\os_crypt_win.cc:105] Failed to decrypt: The parameter is incorrect. (0x57)
[5104:2320:0602/085233.663:ERROR:components\os_crypt\sync\os_crypt_win.cc:105] Failed to decrypt: The data is invalid. (0xD)
[5104:2320:0602/085233.665:ERROR:components\os_crypt\sync\os_crypt_win.cc:105] Failed to decrypt: The parameter is incorrect. (0x57)
[5104:2320:0602/085233.666:ERROR:components\os_crypt\sync\os_crypt_win.cc:105] Failed to decrypt: The parameter is incorrect. (0x57)
[5104:2320:0602/085233.666:ERROR:components\os_crypt\sync\os_crypt_win.cc:105] Failed to decrypt: The parameter is incorrect. (0x57)
[5104:2320:0602/085233.667:ERROR:components\os_crypt\sync\os_crypt_win.cc:105] Failed to decrypt: The parameter is incorrect. (0x57)
[5104:2320:0602/085233.669:ERROR:components\os_crypt\sync\os_crypt_win.cc:105] Failed to decrypt: The parameter is incorrect. (0x57)
[5104:2320:0602/085233.670:ERROR:components\os_crypt\sync\os_crypt_win.cc:105] Failed to decrypt: The parameter is incorrect. (0x57)
[5104:2320:0602/085233.670:ERROR:components\os_crypt\sync\os_crypt_win.cc:105] Failed to decrypt: The parameter is incorrect. (0x57)
[5104:2320:0602/085233.670:ERROR:components\os_crypt\sync\os_crypt_win.cc:105] Failed to decrypt: The parameter is incorrect. (0x57)
[5104:2320:0602/085233.671:ERROR:components\os_crypt\sync\os_crypt_win.cc:105] Failed to decrypt: The parameter is incorrect. (0x57)
[5104:2320:0602/085233.671:ERROR:components\os_crypt\sync\os_crypt_win.cc:105] Failed to decrypt: The parameter is incorrect. (0x57)
[5104:2320:0602/085233.671:ERROR:components\os_crypt\sync\os_crypt_win.cc:105] Failed to decrypt: The parameter is incorrect. (0x57)
[5104:2320:0602/085233.671:ERROR:components\os_crypt\sync\os_crypt_win.cc:105] Failed to decrypt: The parameter is incorrect. (0x57)
[5104:2320:0602/085233.671:ERROR:components\os_crypt\sync\os_crypt_win.cc:105] Failed to decrypt: The parameter is incorrect. (0x57)
[5104:2320:0602/085233.671:ERROR:components\os_crypt\sync\os_crypt_win.cc:105] Failed to decrypt: The parameter is incorrect. (0x57)
[5104:2320:0602/085233.671:ERROR:components\os_crypt\sync\os_crypt_win.cc:105] Failed to decrypt: The parameter is incorrect. (0x57)
[5104:2320:0602/085233.671:ERROR:components\os_crypt\sync\os_crypt_win.cc:105] Failed to decrypt: The parameter is incorrect. (0x57)
[5104:2320:0602/085233.671:ERROR:components\os_crypt\sync\os_crypt_win.cc:105] Failed to decrypt: The parameter is incorrect. (0x57)
[5104:2320:0602/085233.671:ERROR:components\os_crypt\sync\os_crypt_win.cc:105] Failed to decrypt: The parameter is incorrect. (0x57)
[5104:2320:0602/085233.672:ERROR:components\os_crypt\sync\os_crypt_win.cc:105] Failed to decrypt: The parameter is incorrect. (0x57)
[5104:2320:0602/085233.672:ERROR:components\os_crypt\sync\os_crypt_win.cc:105] Failed to decrypt: The parameter is incorrect. (0x57)
[5104:2320:0602/085233.672:ERROR:components\os_crypt\sync\os_crypt_win.cc:105] Failed to decrypt: The parameter is incorrect. (0x57)
[5104:2320:0602/085233.672:ERROR:components\os_crypt\sync\os_crypt_win.cc:105] Failed to decrypt: The parameter is incorrect. (0x57)
[5104:2320:0602/085233.672:ERROR:components\os_crypt\sync\os_crypt_win.cc:105] Failed to decrypt: The parameter is incorrect. (0x57)
[5104:2320:0602/085233.673:ERROR:components\os_crypt\sync\os_crypt_win.cc:105] Failed to decrypt: The parameter is incorrect. (0x57)
[5104:2320:0602/085233.673:ERROR:components\os_crypt\sync\os_crypt_win.cc:105] Failed to decrypt: The parameter is incorrect. (0x57)
[5104:2320:0602/085233.673:ERROR:components\os_crypt\sync\os_crypt_win.cc:105] Failed to decrypt: The parameter is incorrect. (0x57)
[5104:2320:0602/085233.673:ERROR:components\os_crypt\sync\os_crypt_win.cc:105] Failed to decrypt: The parameter is incorrect. (0x57)
[5104:2320:0602/085233.673:ERROR:components\os_crypt\sync\os_crypt_win.cc:105] Failed to decrypt: The parameter is incorrect. (0x57)
[5104:2320:0602/085233.673:ERROR:components\os_crypt\sync\os_crypt_win.cc:105] Failed to decrypt: The parameter is incorrect. (0x57)
[5104:2320:0602/085233.673:ERROR:components\os_crypt\sync\os_crypt_win.cc:105] Failed to decrypt: The parameter is incorrect. (0x57)
[5104:2320:0602/085233.673:ERROR:components\os_crypt\sync\os_crypt_win.cc:105] Failed to decrypt: The parameter is incorrect. (0x57)
[5104:2320:0602/085233.674:ERROR:components\os_crypt\sync\os_crypt_win.cc:105] Failed to decrypt: The parameter is incorrect. (0x57)
[5104:2320:0602/085233.674:ERROR:components\os_crypt\sync\os_crypt_win.cc:105] Failed to decrypt: The parameter is incorrect. (0x57)
[5104:2320:0602/085233.675:ERROR:components\os_crypt\sync\os_crypt_win.cc:105] Failed to decrypt: The parameter is incorrect. (0x57)
[5104:2320:0602/085233.678:ERROR:components\os_crypt\sync\os_crypt_win.cc:105] Failed to decrypt: The parameter is incorrect. (0x57)
[5104:2320:0602/085233.678:ERROR:components\os_crypt\sync\os_crypt_win.cc:105] Failed to decrypt: The parameter is incorrect. (0x57)
[5104:2320:0602/085233.679:ERROR:components\os_crypt\sync\os_crypt_win.cc:105] Failed to decrypt: The parameter is incorrect. (0x57)
[5104:2320:0602/085233.679:ERROR:components\os_crypt\sync\os_crypt_win.cc:105] Failed to decrypt: The parameter is incorrect. (0x57)
[5104:2320:0602/085233.679:ERROR:components\os_crypt\sync\os_crypt_win.cc:105] Failed to decrypt: The parameter is incorrect. (0x57)
[5104:2320:0602/085233.680:ERROR:components\os_crypt\sync\os_crypt_win.cc:105] Failed to decrypt: The parameter is incorrect. (0x57)
[5104:2320:0602/085233.680:ERROR:components\os_crypt\sync\os_crypt_win.cc:105] Failed to decrypt: The parameter is incorrect. (0x57)
[5104:2320:0602/085233.680:ERROR:components\os_crypt\sync\os_crypt_win.cc:105] Failed to decrypt: The parameter is incorrect. (0x57)
[5104:2320:0602/085233.680:ERROR:components\os_crypt\sync\os_crypt_win.cc:105] Failed to decrypt: The parameter is incorrect. (0x57)
[5104:2320:0602/085233.680:ERROR:components\os_crypt\sync\os_crypt_win.cc:105] Failed to decrypt: The parameter is incorrect. (0x57)
[5104:2320:0602/085233.681:ERROR:components\os_crypt\sync\os_crypt_win.cc:105] Failed to decrypt: The parameter is incorrect. (0x57)
[5104:2320:0602/085233.681:ERROR:components\os_crypt\sync\os_crypt_win.cc:105] Failed to decrypt: The parameter is incorrect. (0x57)
[5104:2320:0602/085233.681:ERROR:components\os_crypt\sync\os_crypt_win.cc:105] Failed to decrypt: The parameter is incorrect. (0x57)
[5104:2320:0602/085233.681:ERROR:components\os_crypt\sync\os_crypt_win.cc:105] Failed to decrypt: The parameter is incorrect. (0x57)
[5104:2320:0602/085233.682:ERROR:components\os_crypt\sync\os_crypt_win.cc:105] Failed to decrypt: The parameter is incorrect. (0x57)
[5104:2320:0602/085233.682:ERROR:components\os_crypt\sync\os_crypt_win.cc:105] Failed to decrypt: The parameter is incorrect. (0x57)
[5104:2320:0602/085233.682:ERROR:components\os_crypt\sync\os_crypt_win.cc:105] Failed to decrypt: The parameter is incorrect. (0x57)
[5104:2320:0602/085233.682:ERROR:components\os_crypt\sync\os_crypt_win.cc:105] Failed to decrypt: The parameter is incorrect. (0x57)
[5104:2320:0602/085233.683:ERROR:components\os_crypt\sync\os_crypt_win.cc:105] Failed to decrypt: The parameter is incorrect. (0x57)
[5104:2320:0602/085233.683:ERROR:components\os_crypt\sync\os_crypt_win.cc:105] Failed to decrypt: The parameter is incorrect. (0x57)
[5104:2320:0602/085233.683:ERROR:components\os_crypt\sync\os_crypt_win.cc:105] Failed to decrypt: The parameter is incorrect. (0x57)
[5104:2320:0602/085233.683:ERROR:components\os_crypt\sync\os_crypt_win.cc:105] Failed to decrypt: The parameter is incorrect. (0x57)
[5104:2320:0602/085233.684:ERROR:components\os_crypt\sync\os_crypt_win.cc:105] Failed to decrypt: The parameter is incorrect. (0x57)
[5104:2320:0602/085233.686:ERROR:components\os_crypt\sync\os_crypt_win.cc:105] Failed to decrypt: The parameter is incorrect. (0x57)
[5104:2320:0602/085233.686:ERROR:components\os_crypt\sync\os_crypt_win.cc:105] Failed to decrypt: The parameter is incorrect. (0x57)
[5104:2320:0602/085233.686:ERROR:components\os_crypt\sync\os_crypt_win.cc:105] Failed to decrypt: The parameter is incorrect. (0x57)
[5104:2320:0602/085233.686:ERROR:components\os_crypt\sync\os_crypt_win.cc:105] Failed to decrypt: The parameter is incorrect. (0x57)
[5104:2320:0602/085233.687:ERROR:components\os_crypt\sync\os_crypt_win.cc:105] Failed to decrypt: The parameter is incorrect. (0x57)
[5104:2320:0602/085233.687:ERROR:components\os_crypt\sync\os_crypt_win.cc:105] Failed to decrypt: The parameter is incorrect. (0x57)
[5104:2320:0602/085233.687:ERROR:components\os_crypt\sync\os_crypt_win.cc:105] Failed to decrypt: The parameter is incorrect. (0x57)
[5104:2320:0602/085233.687:ERROR:components\os_crypt\sync\os_crypt_win.cc:105] Failed to decrypt: The parameter is incorrect. (0x57)
[5104:10904:0602/085237.713:INFO:CONSOLE:250] "
%cStop! font-family:helvetica; font-size:20px; font-size:50px; font-weight:bold; color:red; -webkit-text-stroke:1px black;", source: https://static.xx.fbcdn.net/rsrc.php/v4/yu/r/Ae7QrCYDp6C.js?_nc_eui2=AeFFOUnfwDw9zYLcZqRsqOpT7YDpxh1keTPtgOnGHWR5M9Gu2dqhIuxiWxkjS0uMPSPLHeRFnDUgeH6lI-wB3_16 (250)
[5104:10904:0602/085237.713:INFO:CONSOLE:250] "
%cThis is a browser feature intended for developers. If someone told you to copy-paste something here to enable a Facebook feature or "hack" someone's account, it is a scam and will give them access to your Facebook account. font-family:helvetica; font-size:20px; ", source: https://static.xx.fbcdn.net/rsrc.php/v4/yu/r/Ae7QrCYDp6C.js?_nc_eui2=AeFFOUnfwDw9zYLcZqRsqOpT7YDpxh1keTPtgOnGHWR5M9Gu2dqhIuxiWxkjS0uMPSPLHeRFnDUgeH6lI-wB3_16 (250)
[5104:10904:0602/085237.715:INFO:CONSOLE:250] "
%cSee https://www.facebook.com/selfxss for more information. font-family:helvetica; font-size:20px; ", source: https://static.xx.fbcdn.net/rsrc.php/v4/yu/r/Ae7QrCYDp6C.js?_nc_eui2=AeFFOUnfwDw9zYLcZqRsqOpT7YDpxh1keTPtgOnGHWR5M9Gu2dqhIuxiWxkjS0uMPSPLHeRFnDUgeH6lI-wB3_16 (250)
[5104:10904:0602/085237.715:INFO:CONSOLE:250] "
%c ", source: https://static.xx.fbcdn.net/rsrc.php/v4/yu/r/Ae7QrCYDp6C.js?_nc_eui2=AeFFOUnfwDw9zYLcZqRsqOpT7YDpxh1keTPtgOnGHWR5M9Gu2dqhIuxiWxkjS0uMPSPLHeRFnDUgeH6lI-wB3_16 (250)
[5104:2320:0602/085302.785:ERROR:components\os_crypt\sync\os_crypt_win.cc:105] Failed to decrypt: The parameter is incorrect. (0x57)
[5104:2320:0602/085302.786:ERROR:components\os_crypt\sync\os_crypt_win.cc:105] Failed to decrypt: The parameter is incorrect. (0x57)
[5104:2320:0602/085302.787:ERROR:components\os_crypt\sync\os_crypt_win.cc:105] Failed to decrypt: The parameter is incorrect. (0x57)
[5104:2320:0602/085302.789:ERROR:components\os_crypt\sync\os_crypt_win.cc:105] Failed to decrypt: The parameter is incorrect. (0x57)
[5104:2320:0602/085302.789:ERROR:components\os_crypt\sync\os_crypt_win.cc:105] Failed to decrypt: The parameter is incorrect. (0x57)
[5104:2320:0602/085302.789:ERROR:components\os_crypt\sync\os_crypt_win.cc:105] Failed to decrypt: The parameter is incorrect. (0x57)
[5104:2320:0602/085302.790:ERROR:components\os_crypt\sync\os_crypt_win.cc:105] Failed to decrypt: The parameter is incorrect. (0x57)
[5104:2320:0602/085302.792:ERROR:components\os_crypt\sync\os_crypt_win.cc:105] Failed to decrypt: The parameter is incorrect. (0x57)
[5104:2320:0602/085302.792:ERROR:components\os_crypt\sync\os_crypt_win.cc:105] Failed to decrypt: The parameter is incorrect. (0x57)
[5104:2320:0602/085302.792:ERROR:components\os_crypt\sync\os_crypt_win.cc:105] Failed to decrypt: The parameter is incorrect. (0x57)
[5104:2320:0602/085302.792:ERROR:components\os_crypt\sync\os_crypt_win.cc:105] Failed to decrypt: The parameter is incorrect. (0x57)
[5104:2320:0602/085302.792:ERROR:components\os_crypt\sync\os_crypt_win.cc:105] Failed to decrypt: The parameter is incorrect. (0x57)
[5104:2320:0602/085302.793:ERROR:components\os_crypt\sync\os_crypt_win.cc:105] Failed to decrypt: The parameter is incorrect. (0x57)
[5104:2320:0602/085302.794:ERROR:components\os_crypt\sync\os_crypt_win.cc:105] Failed to decrypt: The parameter is incorrect. (0x57)
[5104:2320:0602/085302.794:ERROR:components\os_crypt\sync\os_crypt_win.cc:105] Failed to decrypt: The parameter is incorrect. (0x57)
[5104:2320:0602/085302.795:ERROR:components\os_crypt\sync\os_crypt_win.cc:105] Failed to decrypt: The parameter is incorrect. (0x57)
[5104:2320:0602/085302.795:ERROR:components\os_crypt\sync\os_crypt_win.cc:105] Failed to decrypt: The parameter is incorrect. (0x57)
[5104:2320:0602/085302.796:ERROR:components\os_crypt\sync\os_crypt_win.cc:105] Failed to decrypt: The parameter is incorrect. (0x57)
[5104:2320:0602/085302.797:ERROR:components\os_crypt\sync\os_crypt_win.cc:105] Failed to decrypt: The parameter is incorrect. (0x57)
[5104:2320:0602/085302.837:ERROR:components\os_crypt\sync\os_crypt_win.cc:105] Failed to decrypt: The parameter is incorrect. (0x57)
[5104:2320:0602/085302.838:ERROR:components\os_crypt\sync\os_crypt_win.cc:105] Failed to decrypt: The parameter is incorrect. (0x57)
[5104:2320:0602/085302.838:ERROR:components\os_crypt\sync\os_crypt_win.cc:105] Failed to decrypt: The parameter is incorrect. (0x57)
[5104:2320:0602/085302.839:ERROR:components\os_crypt\sync\os_crypt_win.cc:105] Failed to decrypt: The parameter is incorrect. (0x57)
[5104:2320:0602/085302.840:ERROR:components\os_crypt\sync\os_crypt_win.cc:105] Failed to decrypt: The parameter is incorrect. (0x57)
[5104:2320:0602/085302.840:ERROR:components\os_crypt\sync\os_crypt_win.cc:105] Failed to decrypt: The parameter is incorrect. (0x57)
[5104:2320:0602/085302.840:ERROR:components\os_crypt\sync\os_crypt_win.cc:105] Failed to decrypt: The data is invalid. (0xD)
[5104:2320:0602/085302.841:ERROR:components\os_crypt\sync\os_crypt_win.cc:105] Failed to decrypt: The parameter is incorrect. (0x57)
[5104:2320:0602/085302.841:ERROR:components\os_crypt\sync\os_crypt_win.cc:105] Failed to decrypt: The parameter is incorrect. (0x57)
[5104:2320:0602/085302.842:ERROR:components\os_crypt\sync\os_crypt_win.cc:105] Failed to decrypt: The parameter is incorrect. (0x57)
[5104:2320:0602/085302.842:ERROR:components\os_crypt\sync\os_crypt_win.cc:105] Failed to decrypt: The parameter is incorrect. (0x57)
[5104:2320:0602/085302.843:ERROR:components\os_crypt\sync\os_crypt_win.cc:105] Failed to decrypt: The parameter is incorrect. (0x57)
[5104:2320:0602/085302.844:ERROR:components\os_crypt\sync\os_crypt_win.cc:105] Failed to decrypt: The parameter is incorrect. (0x57)
[5104:2320:0602/085302.845:ERROR:components\os_crypt\sync\os_crypt_win.cc:105] Failed to decrypt: The parameter is incorrect. (0x57)
[5104:2320:0602/085302.845:ERROR:components\os_crypt\sync\os_crypt_win.cc:105] Failed to decrypt: The parameter is incorrect. (0x57)
[5104:2320:0602/085302.845:ERROR:components\os_crypt\sync\os_crypt_win.cc:105] Failed to decrypt: The parameter is incorrect. (0x57)
[5104:2320:0602/085302.845:ERROR:components\os_crypt\sync\os_crypt_win.cc:105] Failed to decrypt: The parameter is incorrect. (0x57)
[5104:2320:0602/085302.846:ERROR:components\os_crypt\sync\os_crypt_win.cc:105] Failed to decrypt: The parameter is incorrect. (0x57)
[5104:2320:0602/085302.846:ERROR:components\os_crypt\sync\os_crypt_win.cc:105] Failed to decrypt: The parameter is incorrect. (0x57)
[5104:2320:0602/085302.846:ERROR:components\os_crypt\sync\os_crypt_win.cc:105] Failed to decrypt: The parameter is incorrect. (0x57)
[5104:2320:0602/085302.846:ERROR:components\os_crypt\sync\os_crypt_win.cc:105] Failed to decrypt: The parameter is incorrect. (0x57)
[5104:2320:0602/085302.847:ERROR:components\os_crypt\sync\os_crypt_win.cc:105] Failed to decrypt: The parameter is incorrect. (0x57)
[5104:2320:0602/085302.853:ERROR:components\os_crypt\sync\os_crypt_win.cc:105] Failed to decrypt: The parameter is incorrect. (0x57)
[5104:2320:0602/085302.858:ERROR:components\os_crypt\sync\os_crypt_win.cc:105] Failed to decrypt: The parameter is incorrect. (0x57)
[5104:2320:0602/085302.859:ERROR:components\os_crypt\sync\os_crypt_win.cc:105] Failed to decrypt: The parameter is incorrect. (0x57)
[5104:2320:0602/085302.861:ERROR:components\os_crypt\sync\os_crypt_win.cc:105] Failed to decrypt: The parameter is incorrect. (0x57)
[5104:2320:0602/085302.861:ERROR:components\os_crypt\sync\os_crypt_win.cc:105] Failed to decrypt: The parameter is incorrect. (0x57)
[5104:2320:0602/085302.861:ERROR:components\os_crypt\sync\os_crypt_win.cc:105] Failed to decrypt: The parameter is incorrect. (0x57)
[5104:2320:0602/085302.862:ERROR:components\os_crypt\sync\os_crypt_win.cc:105] Failed to decrypt: The parameter is incorrect. (0x57)
[5104:2320:0602/085302.862:ERROR:components\os_crypt\sync\os_crypt_win.cc:105] Failed to decrypt: The parameter is incorrect. (0x57)
[5104:2320:0602/085302.862:ERROR:components\os_crypt\sync\os_crypt_win.cc:105] Failed to decrypt: The parameter is incorrect. (0x57)
[5104:2320:0602/085302.862:ERROR:components\os_crypt\sync\os_crypt_win.cc:105] Failed to decrypt: The parameter is incorrect. (0x57)
[5104:2320:0602/085302.862:ERROR:components\os_crypt\sync\os_crypt_win.cc:105] Failed to decrypt: The parameter is incorrect. (0x57)
[5104:2320:0602/085302.863:ERROR:components\os_crypt\sync\os_crypt_win.cc:105] Failed to decrypt: The parameter is incorrect. (0x57)
[5104:2320:0602/085302.863:ERROR:components\os_crypt\sync\os_crypt_win.cc:105] Failed to decrypt: The parameter is incorrect. (0x57)
[5104:2320:0602/085302.863:ERROR:components\os_crypt\sync\os_crypt_win.cc:105] Failed to decrypt: The parameter is incorrect. (0x57)
[5104:2320:0602/085302.863:ERROR:components\os_crypt\sync\os_crypt_win.cc:105] Failed to decrypt: The parameter is incorrect. (0x57)
[5104:2320:0602/085302.865:ERROR:components\os_crypt\sync\os_crypt_win.cc:105] Failed to decrypt: The parameter is incorrect. (0x57)
[5104:2320:0602/085302.866:ERROR:components\os_crypt\sync\os_crypt_win.cc:105] Failed to decrypt: The parameter is incorrect. (0x57)
[5104:2320:0602/085302.866:ERROR:components\os_crypt\sync\os_crypt_win.cc:105] Failed to decrypt: The parameter is incorrect. (0x57)
[5104:2320:0602/085302.867:ERROR:components\os_crypt\sync\os_crypt_win.cc:105] Failed to decrypt: The parameter is incorrect. (0x57)
[5104:2320:0602/085302.868:ERROR:components\os_crypt\sync\os_crypt_win.cc:105] Failed to decrypt: The parameter is incorrect. (0x57)
[5104:2320:0602/085302.869:ERROR:components\os_crypt\sync\os_crypt_win.cc:105] Failed to decrypt: The parameter is incorrect. (0x57)
[5104:2320:0602/085302.870:ERROR:components\os_crypt\sync\os_crypt_win.cc:105] Failed to decrypt: The parameter is incorrect. (0x57)
[5104:2320:0602/085302.871:ERROR:components\os_crypt\sync\os_crypt_win.cc:105] Failed to decrypt: The parameter is incorrect. (0x57)
[5104:2320:0602/085302.871:ERROR:components\os_crypt\sync\os_crypt_win.cc:105] Failed to decrypt: The parameter is incorrect. (0x57)
[5104:2320:0602/085302.871:ERROR:components\os_crypt\sync\os_crypt_win.cc:105] Failed to decrypt: The parameter is incorrect. (0x57)
[5104:2320:0602/085302.871:ERROR:components\os_crypt\sync\os_crypt_win.cc:105] Failed to decrypt: The parameter is incorrect. (0x57)
[5104:2320:0602/085302.871:ERROR:components\os_crypt\sync\os_crypt_win.cc:105] Failed to decrypt: The parameter is incorrect. (0x57)
[5104:2320:0602/085302.872:ERROR:components\os_crypt\sync\os_crypt_win.cc:105] Failed to decrypt: The parameter is incorrect. (0x57)
[5104:2320:0602/085302.872:ERROR:components\os_crypt\sync\os_crypt_win.cc:105] Failed to decrypt: The parameter is incorrect. (0x57)
[5104:2320:0602/085302.872:ERROR:components\os_crypt\sync\os_crypt_win.cc:105] Failed to decrypt: The parameter is incorrect. (0x57)
[5104:2320:0602/085302.873:ERROR:components\os_crypt\sync\os_crypt_win.cc:105] Failed to decrypt: The parameter is incorrect. (0x57)
[5104:2320:0602/085302.873:ERROR:components\os_crypt\sync\os_crypt_win.cc:105] Failed to decrypt: The parameter is incorrect. (0x57)
[5104:2320:0602/085302.873:ERROR:components\os_crypt\sync\os_crypt_win.cc:105] Failed to decrypt: The parameter is incorrect. (0x57)
[5104:2320:0602/085302.873:ERROR:components\os_crypt\sync\os_crypt_win.cc:105] Failed to decrypt: The parameter is incorrect. (0x57)
[5104:2320:0602/085302.873:ERROR:components\os_crypt\sync\os_crypt_win.cc:105] Failed to decrypt: The parameter is incorrect. (0x57)
[5104:2320:0602/085302.874:ERROR:components\os_crypt\sync\os_crypt_win.cc:105] Failed to decrypt: The parameter is incorrect. (0x57)
[5104:2320:0602/085302.874:ERROR:components\os_crypt\sync\os_crypt_win.cc:105] Failed to decrypt: The parameter is incorrect. (0x57)
[5104:2320:0602/085302.874:ERROR:components\os_crypt\sync\os_crypt_win.cc:105] Failed to decrypt: The parameter is incorrect. (0x57)
[5104:2320:0602/085302.874:ERROR:components\os_crypt\sync\os_crypt_win.cc:105] Failed to decrypt: The parameter is incorrect. (0x57)
[5104:2320:0602/085302.875:ERROR:components\os_crypt\sync\os_crypt_win.cc:105] Failed to decrypt: The parameter is incorrect. (0x57)
[5104:2320:0602/085302.875:ERROR:components\os_crypt\sync\os_crypt_win.cc:105] Failed to decrypt: The parameter is incorrect. (0x57)
[5104:2320:0602/085302.875:ERROR:components\os_crypt\sync\os_crypt_win.cc:105] Failed to decrypt: The parameter is incorrect. (0x57)
[5104:2320:0602/085302.876:ERROR:components\os_crypt\sync\os_crypt_win.cc:105] Failed to decrypt: The parameter is incorrect. (0x57)
[5104:2320:0602/085302.876:ERROR:components\os_crypt\sync\os_crypt_win.cc:105] Failed to decrypt: The parameter is incorrect. (0x57)
[5104:2320:0602/085302.876:ERROR:components\os_crypt\sync\os_crypt_win.cc:105] Failed to decrypt: The parameter is incorrect. (0x57)
[5104:2320:0602/085302.877:ERROR:components\os_crypt\sync\os_crypt_win.cc:105] Failed to decrypt: The parameter is incorrect. (0x57)
[5104:2320:0602/085302.877:ERROR:components\os_crypt\sync\os_crypt_win.cc:105] Failed to decrypt: The parameter is incorrect. (0x57)
[5104:2320:0602/085302.877:ERROR:components\os_crypt\sync\os_crypt_win.cc:105] Failed to decrypt: The parameter is incorrect. (0x57)
[5104:2320:0602/085302.877:ERROR:components\os_crypt\sync\os_crypt_win.cc:105] Failed to decrypt: The parameter is incorrect. (0x57)
[5104:2320:0602/085302.877:ERROR:components\os_crypt\sync\os_crypt_win.cc:105] Failed to decrypt: The parameter is incorrect. (0x57)
[5104:2320:0602/085302.878:ERROR:components\os_crypt\sync\os_crypt_win.cc:105] Failed to decrypt: The parameter is incorrect. (0x57)
[5104:2320:0602/085302.878:ERROR:components\os_crypt\sync\os_crypt_win.cc:105] Failed to decrypt: The parameter is incorrect. (0x57)
[5104:2320:0602/085302.879:ERROR:components\os_crypt\sync\os_crypt_win.cc:105] Failed to decrypt: The parameter is incorrect. (0x57)
[5104:2320:0602/085302.879:ERROR:components\os_crypt\sync\os_crypt_win.cc:105] Failed to decrypt: The parameter is incorrect. (0x57)
[5104:2320:0602/085302.879:ERROR:components\os_crypt\sync\os_crypt_win.cc:105] Failed to decrypt: The parameter is incorrect. (0x57)
[5104:2320:0602/085302.880:ERROR:components\os_crypt\sync\os_crypt_win.cc:105] Failed to decrypt: The parameter is incorrect. (0x57)
[5104:2320:0602/085302.881:ERROR:components\os_crypt\sync\os_crypt_win.cc:105] Failed to decrypt: The parameter is incorrect. (0x57)
[5104:2320:0602/085302.884:ERROR:components\os_crypt\sync\os_crypt_win.cc:105] Failed to decrypt: The parameter is incorrect. (0x57)
[5104:2320:0602/085302.888:ERROR:components\os_crypt\sync\os_crypt_win.cc:105] Failed to decrypt: The parameter is incorrect. (0x57)
[5104:2320:0602/085302.889:ERROR:components\os_crypt\sync\os_crypt_win.cc:105] Failed to decrypt: The parameter is incorrect. (0x57)
[5104:2320:0602/085302.890:ERROR:components\os_crypt\sync\os_crypt_win.cc:105] Failed to decrypt: The parameter is incorrect. (0x57)
[5104:2320:0602/085302.890:ERROR:components\os_crypt\sync\os_crypt_win.cc:105] Failed to decrypt: The parameter is incorrect. (0x57)
[5104:2320:0602/085302.891:ERROR:components\os_crypt\sync\os_crypt_win.cc:105] Failed to decrypt: The parameter is incorrect. (0x57)
[5104:2320:0602/085302.891:ERROR:components\os_crypt\sync\os_crypt_win.cc:105] Failed to decrypt: The parameter is incorrect. (0x57)
[5104:2320:0602/085302.891:ERROR:components\os_crypt\sync\os_crypt_win.cc:105] Failed to decrypt: The parameter is incorrect. (0x57)
[5104:2320:0602/085302.892:ERROR:components\os_crypt\sync\os_crypt_win.cc:105] Failed to decrypt: The parameter is incorrect. (0x57)
[5104:2320:0602/085302.892:ERROR:components\os_crypt\sync\os_crypt_win.cc:105] Failed to decrypt: The parameter is incorrect. (0x57)
[5104:2320:0602/085302.892:ERROR:components\os_crypt\sync\os_crypt_win.cc:105] Failed to decrypt: The parameter is incorrect. (0x57)
[5104:2320:0602/085302.892:ERROR:components\os_crypt\sync\os_crypt_win.cc:105] Failed to decrypt: The parameter is incorrect. (0x57)
[5104:2320:0602/085302.893:ERROR:components\os_crypt\sync\os_crypt_win.cc:105] Failed to decrypt: The parameter is incorrect. (0x57)
[5104:2320:0602/085302.893:ERROR:components\os_crypt\sync\os_crypt_win.cc:105] Failed to decrypt: The parameter is incorrect. (0x57)
[5104:2320:0602/085302.894:ERROR:components\os_crypt\sync\os_crypt_win.cc:105] Failed to decrypt: The parameter is incorrect. (0x57)
[5104:2320:0602/085302.894:ERROR:components\os_crypt\sync\os_crypt_win.cc:105] Failed to decrypt: The parameter is incorrect. (0x57)
[5104:2320:0602/085302.895:ERROR:components\os_crypt\sync\os_crypt_win.cc:105] Failed to decrypt: The parameter is incorrect. (0x57)
[5104:2320:0602/085302.895:ERROR:components\os_crypt\sync\os_crypt_win.cc:105] Failed to decrypt: The parameter is incorrect. (0x57)
[5104:2320:0602/085302.896:ERROR:components\os_crypt\sync\os_crypt_win.cc:105] Failed to decrypt: The parameter is incorrect. (0x57)
[5104:2320:0602/085302.896:ERROR:components\os_crypt\sync\os_crypt_win.cc:105] Failed to decrypt: The parameter is incorrect. (0x57)
[5104:2320:0602/085302.896:ERROR:components\os_crypt\sync\os_crypt_win.cc:105] Failed to decrypt: The parameter is incorrect. (0x57)
[5104:2320:0602/085302.898:ERROR:components\os_crypt\sync\os_crypt_win.cc:105] Failed to decrypt: The parameter is incorrect. (0x57)
[5104:2320:0602/085302.899:ERROR:components\os_crypt\sync\os_crypt_win.cc:105] Failed to decrypt: The parameter is incorrect. (0x57)
[5104:2320:0602/085302.900:ERROR:components\os_crypt\sync\os_crypt_win.cc:105] Failed to decrypt: The parameter is incorrect. (0x57)
[5104:2320:0602/085302.900:ERROR:components\os_crypt\sync\os_crypt_win.cc:105] Failed to decrypt: The parameter is incorrect. (0x57)
[5104:2320:0602/085302.901:ERROR:components\os_crypt\sync\os_crypt_win.cc:105] Failed to decrypt: The parameter is incorrect. (0x57)
[5104:2320:0602/085302.901:ERROR:components\os_crypt\sync\os_crypt_win.cc:105] Failed to decrypt: The data is invalid. (0xD)
[5104:2320:0602/085302.901:ERROR:components\os_crypt\sync\os_crypt_win.cc:105] Failed to decrypt: The parameter is incorrect. (0x57)
[5104:2320:0602/085302.903:ERROR:components\os_crypt\sync\os_crypt_win.cc:105] Failed to decrypt: The parameter is incorrect. (0x57)
[5104:2320:0602/085302.904:ERROR:components\os_crypt\sync\os_crypt_win.cc:105] Failed to decrypt: The parameter is incorrect. (0x57)
[5104:2320:0602/085302.905:ERROR:components\os_crypt\sync\os_crypt_win.cc:105] Failed to decrypt: The parameter is incorrect. (0x57)
[5104:2320:0602/085302.905:ERROR:components\os_crypt\sync\os_crypt_win.cc:105] Failed to decrypt: The parameter is incorrect. (0x57)
[5104:2320:0602/085302.905:ERROR:components\os_crypt\sync\os_crypt_win.cc:105] Failed to decrypt: The parameter is incorrect. (0x57)
[5104:2320:0602/085302.905:ERROR:components\os_crypt\sync\os_crypt_win.cc:105] Failed to decrypt: The parameter is incorrect. (0x57)
[5104:2320:0602/085302.905:ERROR:components\os_crypt\sync\os_crypt_win.cc:105] Failed to decrypt: The parameter is incorrect. (0x57)
[5104:2320:0602/085302.905:ERROR:components\os_crypt\sync\os_crypt_win.cc:105] Failed to decrypt: The parameter is incorrect. (0x57)
[5104:2320:0602/085302.905:ERROR:components\os_crypt\sync\os_crypt_win.cc:105] Failed to decrypt: The parameter is incorrect. (0x57)
[5104:2320:0602/085302.905:ERROR:components\os_crypt\sync\os_crypt_win.cc:105] Failed to decrypt: The parameter is incorrect. (0x57)
[5104:2320:0602/085302.906:ERROR:components\os_crypt\sync\os_crypt_win.cc:105] Failed to decrypt: The parameter is incorrect. (0x57)
[5104:2320:0602/085302.906:ERROR:components\os_crypt\sync\os_crypt_win.cc:105] Failed to decrypt: The parameter is incorrect. (0x57)
[5104:2320:0602/085302.906:ERROR:components\os_crypt\sync\os_crypt_win.cc:105] Failed to decrypt: The parameter is incorrect. (0x57)
[5104:2320:0602/085302.906:ERROR:components\os_crypt\sync\os_crypt_win.cc:105] Failed to decrypt: The parameter is incorrect. (0x57)
[5104:2320:0602/085302.906:ERROR:components\os_crypt\sync\os_crypt_win.cc:105] Failed to decrypt: The parameter is incorrect. (0x57)
[5104:2320:0602/085302.907:ERROR:components\os_crypt\sync\os_crypt_win.cc:105] Failed to decrypt: The parameter is incorrect. (0x57)
[5104:2320:0602/085302.907:ERROR:components\os_crypt\sync\os_crypt_win.cc:105] Failed to decrypt: The parameter is incorrect. (0x57)
[5104:2320:0602/085302.907:ERROR:components\os_crypt\sync\os_crypt_win.cc:105] Failed to decrypt: The parameter is incorrect. (0x57)
[5104:2320:0602/085302.907:ERROR:components\os_crypt\sync\os_crypt_win.cc:105] Failed to decrypt: The parameter is incorrect. (0x57)
[5104:2320:0602/085302.907:ERROR:components\os_crypt\sync\os_crypt_win.cc:105] Failed to decrypt: The parameter is incorrect. (0x57)
[5104:2320:0602/085302.907:ERROR:components\os_crypt\sync\os_crypt_win.cc:105] Failed to decrypt: The parameter is incorrect. (0x57)
[5104:2320:0602/085302.908:ERROR:components\os_crypt\sync\os_crypt_win.cc:105] Failed to decrypt: The parameter is incorrect. (0x57)
[5104:2320:0602/085302.908:ERROR:components\os_crypt\sync\os_crypt_win.cc:105] Failed to decrypt: The parameter is incorrect. (0x57)
[5104:2320:0602/085302.908:ERROR:components\os_crypt\sync\os_crypt_win.cc:105] Failed to decrypt: The parameter is incorrect. (0x57)
[5104:2320:0602/085302.908:ERROR:components\os_crypt\sync\os_crypt_win.cc:105] Failed to decrypt: The parameter is incorrect. (0x57)
[5104:2320:0602/085302.909:ERROR:components\os_crypt\sync\os_crypt_win.cc:105] Failed to decrypt: The parameter is incorrect. (0x57)
[5104:2320:0602/085302.909:ERROR:components\os_crypt\sync\os_crypt_win.cc:105] Failed to decrypt: The parameter is incorrect. (0x57)
[5104:2320:0602/085302.909:ERROR:components\os_crypt\sync\os_crypt_win.cc:105] Failed to decrypt: The parameter is incorrect. (0x57)
[5104:2320:0602/085302.909:ERROR:components\os_crypt\sync\os_crypt_win.cc:105] Failed to decrypt: The parameter is incorrect. (0x57)
[5104:2320:0602/085302.909:ERROR:components\os_crypt\sync\os_crypt_win.cc:105] Failed to decrypt: The parameter is incorrect. (0x57)
[5104:2320:0602/085302.910:ERROR:components\os_crypt\sync\os_crypt_win.cc:105] Failed to decrypt: The parameter is incorrect. (0x57)
[5104:2320:0602/085302.911:ERROR:components\os_crypt\sync\os_crypt_win.cc:105] Failed to decrypt: The parameter is incorrect. (0x57)
[5104:2320:0602/085302.916:ERROR:components\os_crypt\sync\os_crypt_win.cc:105] Failed to decrypt: The parameter is incorrect. (0x57)
[5104:2320:0602/085302.919:ERROR:components\os_crypt\sync\os_crypt_win.cc:105] Failed to decrypt: The parameter is incorrect. (0x57)
[5104:2320:0602/085302.922:ERROR:components\os_crypt\sync\os_crypt_win.cc:105] Failed to decrypt: The parameter is incorrect. (0x57)
[5104:2320:0602/085302.923:ERROR:components\os_crypt\sync\os_crypt_win.cc:105] Failed to decrypt: The parameter is incorrect. (0x57)
[5104:2320:0602/085302.923:ERROR:components\os_crypt\sync\os_crypt_win.cc:105] Failed to decrypt: The parameter is incorrect. (0x57)
[5104:2320:0602/085302.924:ERROR:components\os_crypt\sync\os_crypt_win.cc:105] Failed to decrypt: The parameter is incorrect. (0x57)
[5104:2320:0602/085302.924:ERROR:components\os_crypt\sync\os_crypt_win.cc:105] Failed to decrypt: The parameter is incorrect. (0x57)
[5104:2320:0602/085302.924:ERROR:components\os_crypt\sync\os_crypt_win.cc:105] Failed to decrypt: The parameter is incorrect. (0x57)
[5104:2320:0602/085302.924:ERROR:components\os_crypt\sync\os_crypt_win.cc:105] Failed to decrypt: The parameter is incorrect. (0x57)
[5104:2320:0602/085302.925:ERROR:components\os_crypt\sync\os_crypt_win.cc:105] Failed to decrypt: The parameter is incorrect. (0x57)
[5104:2320:0602/085302.925:ERROR:components\os_crypt\sync\os_crypt_win.cc:105] Failed to decrypt: The parameter is incorrect. (0x57)
[5104:2320:0602/085302.925:ERROR:components\os_crypt\sync\os_crypt_win.cc:105] Failed to decrypt: The parameter is incorrect. (0x57)
[5104:2320:0602/085302.925:ERROR:components\os_crypt\sync\os_crypt_win.cc:105] Failed to decrypt: The parameter is incorrect. (0x57)
[5104:2320:0602/085302.925:ERROR:components\os_crypt\sync\os_crypt_win.cc:105] Failed to decrypt: The parameter is incorrect. (0x57)
[5104:2320:0602/085302.925:ERROR:components\os_crypt\sync\os_crypt_win.cc:105] Failed to decrypt: The parameter is incorrect. (0x57)
[5104:2320:0602/085302.926:ERROR:components\os_crypt\sync\os_crypt_win.cc:105] Failed to decrypt: The parameter is incorrect. (0x57)
[5104:2320:0602/085302.927:ERROR:components\os_crypt\sync\os_crypt_win.cc:105] Failed to decrypt: The parameter is incorrect. (0x57)
[5104:2320:0602/085302.929:ERROR:components\os_crypt\sync\os_crypt_win.cc:105] Failed to decrypt: The parameter is incorrect. (0x57)
[5104:2320:0602/085302.929:ERROR:components\os_crypt\sync\os_crypt_win.cc:105] Failed to decrypt: The parameter is incorrect. (0x57)
[5104:2320:0602/085302.930:ERROR:components\os_crypt\sync\os_crypt_win.cc:105] Failed to decrypt: The parameter is incorrect. (0x57)
[5104:2320:0602/085302.942:ERROR:components\os_crypt\sync\os_crypt_win.cc:105] Failed to decrypt: The parameter is incorrect. (0x57)
[5104:2320:0602/085302.944:ERROR:components\os_crypt\sync\os_crypt_win.cc:105] Failed to decrypt: The parameter is incorrect. (0x57)
[5104:2320:0602/085302.946:ERROR:components\os_crypt\sync\os_crypt_win.cc:105] Failed to decrypt: The parameter is incorrect. (0x57)
[5104:2320:0602/085302.947:ERROR:components\os_crypt\sync\os_crypt_win.cc:105] Failed to decrypt: The parameter is incorrect. (0x57)
[5104:2320:0602/085302.952:ERROR:components\os_crypt\sync\os_crypt_win.cc:105] Failed to decrypt: The parameter is incorrect. (0x57)
[5104:2320:0602/085302.953:ERROR:components\os_crypt\sync\os_crypt_win.cc:105] Failed to decrypt: The parameter is incorrect. (0x57)
[5104:2320:0602/085302.954:ERROR:components\os_crypt\sync\os_crypt_win.cc:105] Failed to decrypt: The parameter is incorrect. (0x57)
[5104:2320:0602/085302.954:ERROR:components\os_crypt\sync\os_crypt_win.cc:105] Failed to decrypt: The parameter is incorrect. (0x57)
[5104:2320:0602/085302.955:ERROR:components\os_crypt\sync\os_crypt_win.cc:105] Failed to decrypt: The parameter is incorrect. (0x57)
[5104:2320:0602/085302.956:ERROR:components\os_crypt\sync\os_crypt_win.cc:105] Failed to decrypt: The parameter is incorrect. (0x57)
[5104:2320:0602/085302.957:ERROR:components\os_crypt\sync\os_crypt_win.cc:105] Failed to decrypt: The parameter is incorrect. (0x57)
[5104:2320:0602/085302.958:ERROR:components\os_crypt\sync\os_crypt_win.cc:105] Failed to decrypt: The parameter is incorrect. (0x57)
[5104:2320:0602/085302.958:ERROR:components\os_crypt\sync\os_crypt_win.cc:105] Failed to decrypt: The parameter is incorrect. (0x57)
[5104:2320:0602/085302.959:ERROR:components\os_crypt\sync\os_crypt_win.cc:105] Failed to decrypt: The parameter is incorrect. (0x57)
[5104:2320:0602/085302.960:ERROR:components\os_crypt\sync\os_crypt_win.cc:105] Failed to decrypt: The parameter is incorrect. (0x57)
[5104:2320:0602/085302.960:ERROR:components\os_crypt\sync\os_crypt_win.cc:105] Failed to decrypt: The parameter is incorrect. (0x57)
[5104:2320:0602/085302.962:ERROR:components\os_crypt\sync\os_crypt_win.cc:105] Failed to decrypt: The parameter is incorrect. (0x57)
[5104:2320:0602/085302.967:ERROR:components\os_crypt\sync\os_crypt_win.cc:105] Failed to decrypt: The parameter is incorrect. (0x57)
[5104:2320:0602/085302.968:ERROR:components\os_crypt\sync\os_crypt_win.cc:105] Failed to decrypt: The parameter is incorrect. (0x57)
[5104:2320:0602/085302.968:ERROR:components\os_crypt\sync\os_crypt_win.cc:105] Failed to decrypt: The parameter is incorrect. (0x57)
[8888:5936:0602/085314.780:WARNING:net\extras\sqlite\sqlite_persistent_store_backend_base.cc:176] Failed to post task from FlushAndNotifyInBackground@net\extras\sqlite\sqlite_persistent_store_backend_base.cc:226 to client_task_runner_.
[8888:5936:0602/085314.780:WARNING:net\extras\sqlite\sqlite_persistent_store_backend_base.cc:176] Failed to post task from FlushAndNotifyInBackground@net\extras\sqlite\sqlite_persistent_store_backend_base.cc:226 to client_task_runner_.
